Determining if the pthread_create exist failed with the following output:
Change Dir: /mnt/hgfs/victor/Documents/Post-Bac/M1 MAPI3/Stage/Stromalab/Code/Gingivitis_Diffusion/build/CMakeFiles/CMakeTmp

Run Build Command:"/usr/bin/make" "cmTC_5b2c4/fast"
/usr/bin/make -f CMakeFiles/cmTC_5b2c4.dir/build.make CMakeFiles/cmTC_5b2c4.dir/build
make[1]: Entering directory '/mnt/hgfs/victor/Documents/Post-Bac/M1 MAPI3/Stage/Stromalab/Code/Gingivitis_Diffusion/build/CMakeFiles/CMakeTmp'
Building C object CMakeFiles/cmTC_5b2c4.dir/CheckSymbolExists.c.o
/usr/bin/cc    -o CMakeFiles/cmTC_5b2c4.dir/CheckSymbolExists.c.o   -c "/mnt/hgfs/victor/Documents/Post-Bac/M1 MAPI3/Stage/Stromalab/Code/Gingivitis_Diffusion/build/CMakeFiles/CMakeTmp/CheckSymbolExists.c"
Linking C executable cmTC_5b2c4
/usr/bin/cmake -E cmake_link_script CMakeFiles/cmTC_5b2c4.dir/link.txt --verbose=1
/usr/bin/cc      -rdynamic CMakeFiles/cmTC_5b2c4.dir/CheckSymbolExists.c.o  -o cmTC_5b2c4 
CMakeFiles/cmTC_5b2c4.dir/CheckSymbolExists.c.o: In function `main':
CheckSymbolExists.c:(.text+0x1b): undefined reference to `pthread_create'
collect2: error: ld returned 1 exit status
CMakeFiles/cmTC_5b2c4.dir/build.make:97: recipe for target 'cmTC_5b2c4' failed
make[1]: *** [cmTC_5b2c4] Error 1
make[1]: Leaving directory '/mnt/hgfs/victor/Documents/Post-Bac/M1 MAPI3/Stage/Stromalab/Code/Gingivitis_Diffusion/build/CMakeFiles/CMakeTmp'
Makefile:126: recipe for target 'cmTC_5b2c4/fast' failed
make: *** [cmTC_5b2c4/fast] Error 2

File /mnt/hgfs/victor/Documents/Post-Bac/M1 MAPI3/Stage/Stromalab/Code/Gingivitis_Diffusion/build/CMakeFiles/CMakeTmp/CheckSymbolExists.c:
/* */
#include <pthread.h>

int main(int argc, char** argv)
{
  (void)argv;
#ifndef pthread_create
  return ((int*)(&pthread_create))[argc];
#else
  (void)argc;
  return 0;
#endif
}

Determining if the function pthread_create exists in the pthreads failed with the following output:
Change Dir: /mnt/hgfs/victor/Documents/Post-Bac/M1 MAPI3/Stage/Stromalab/Code/Gingivitis_Diffusion/build/CMakeFiles/CMakeTmp

Run Build Command:"/usr/bin/make" "cmTC_09205/fast"
/usr/bin/make -f CMakeFiles/cmTC_09205.dir/build.make CMakeFiles/cmTC_09205.dir/build
make[1]: Entering directory '/mnt/hgfs/victor/Documents/Post-Bac/M1 MAPI3/Stage/Stromalab/Code/Gingivitis_Diffusion/build/CMakeFiles/CMakeTmp'
Building C object CMakeFiles/cmTC_09205.dir/CheckFunctionExists.c.o
/usr/bin/cc   -DCHECK_FUNCTION_EXISTS=pthread_create   -o CMakeFiles/cmTC_09205.dir/CheckFunctionExists.c.o   -c /usr/share/cmake-3.10/Modules/CheckFunctionExists.c
Linking C executable cmTC_09205
/usr/bin/cmake -E cmake_link_script CMakeFiles/cmTC_09205.dir/link.txt --verbose=1
/usr/bin/cc  -DCHECK_FUNCTION_EXISTS=pthread_create    -rdynamic CMakeFiles/cmTC_09205.dir/CheckFunctionExists.c.o  -o cmTC_09205 -lpthreads 
/usr/bin/ld: cannot find -lpthreads
collect2: error: ld returned 1 exit status
CMakeFiles/cmTC_09205.dir/build.make:97: recipe for target 'cmTC_09205' failed
make[1]: *** [cmTC_09205] Error 1
make[1]: Leaving directory '/mnt/hgfs/victor/Documents/Post-Bac/M1 MAPI3/Stage/Stromalab/Code/Gingivitis_Diffusion/build/CMakeFiles/CMakeTmp'
Makefile:126: recipe for target 'cmTC_09205/fast' failed
make: *** [cmTC_09205/fast] Error 2


